SF:lib/base_core/db/sql_buffer.dart
DA:4,0
DA:6,2
DA:12,1
DA:14,1
DA:15,2
DA:17,2
DA:24,1
DA:26,1
DA:27,4
DA:29,2
DA:31,0
DA:33,0
DA:40,1
DA:42,1
DA:43,4
DA:45,1
DA:46,2
DA:48,0
DA:49,0
DA:57,1
DA:59,1
DA:61,4
DA:63,1
DA:64,2
DA:73,1
DA:75,1
DA:77,6
LF:27
LH:22
end_of_record
SF:lib/main.dart
DA:3,0
DA:4,0
DA:8,2
DA:11,1
DA:13,1
DA:15,1
DA:33,1
DA:46,1
DA:47,1
DA:53,1
DA:54,2
DA:60,2
DA:64,1
DA:72,1
DA:73,1
DA:76,3
DA:78,1
DA:81,1
DA:97,1
DA:101,1
DA:102,2
DA:103,3
DA:108,1
DA:109,1
LF:24
LH:22
end_of_record
SF:lib/base_core/log/logger.dart
DA:7,0
DA:9,0
DA:13,0
DA:14,0
DA:15,0
DA:16,0
DA:21,0
DA:25,0
DA:27,0
DA:34,0
DA:35,0
DA:38,0
DA:39,0
DA:42,0
DA:43,0
DA:46,0
DA:47,0
DA:50,0
DA:51,0
DA:54,0
DA:55,0
DA:56,0
DA:59,0
DA:61,0
DA:65,0
DA:69,0
DA:81,0
DA:82,0
DA:83,0
DA:86,0
DA:88,0
DA:89,0
DA:90,0
DA:91,0
DA:93,0
DA:94,0
DA:95,0
DA:96,0
DA:99,0
DA:100,0
DA:101,0
DA:102,0
DA:104,0
DA:115,0
LF:44
LH:0
end_of_record
